This is pdfTeX, Version 3.141592653-2.6-1.40.25 (MiKTeX 24.1) (preloaded format=pdflatex 2025.6.30)  25 JUL 2025 00:12
entering extended mode
 restricted \write18 enabled.
 file:line:error style messages enabled.
 %&-line parsing enabled.
**"d:/TAI LIEU HOC TAP/Thesis/main.tex"
(d:/TAI LIEU HOC TAP/Thesis/main.tex
LaTeX2e <2023-11-01> patch level 1
L3 programming layer <2024-01-04>
(D:\MiTek\tex/latex/extsizes\extreport.cls
Document Class: extreport 1996/10/08 v1.0 Non Standard LaTeX document class
(D:\MiTek\tex/latex/extsizes\size14.clo
File: size14.clo 1999/11/11 v1.4a NON-Standard LaTeX file (size option)
) (D:\MiTek\tex/latex/base\exscale.sty
Package: exscale 2018/09/24 v2.1i Standard LaTeX package exscale
LaTeX Font Info:    Redeclaring symbol font `largesymbols' on input line 57.
LaTeX Font Info:    Overwriting symbol font `largesymbols' in version `normal'
(Font)                  OMX/cmex/m/n --> OMX/cmex/m/n on input line 57.
LaTeX Font Info:    Overwriting symbol font `largesymbols' in version `bold'
(Font)                  OMX/cmex/m/n --> OMX/cmex/m/n on input line 57.
\big@size=\dimen140
)
\c@part=\count187
\c@chapter=\count188
\c@section=\count189
\c@subsection=\count190
\c@subsubsection=\count191
\c@paragraph=\count192
\c@subparagraph=\count193
\c@figure=\count194
\c@table=\count195
\abovecaptionskip=\skip48
\belowcaptionskip=\skip49
\bibindent=\dimen141
) (D:\MiTek\tex/latex/koma-script\scrextend.sty
Package: scrextend 2025/06/04 v3.45 KOMA-Script package (extend other classes with features of KOMA-Script classes)
 (D:\MiTek\tex/latex/koma-script\scrkbase.sty
Package: scrkbase 2025/06/04 v3.45 KOMA-Script package (KOMA-Script-dependent basics and keyval usage)
 (D:\MiTek\tex/latex/koma-script\scrbase.sty
Package: scrbase 2025/06/04 v3.45 KOMA-Script package (KOMA-Script-independent basics and keyval usage)
 (D:\MiTek\tex/latex/koma-script\scrlfile.sty
Package: scrlfile 2025/06/04 v3.45 KOMA-Script package (file load hooks)
 (D:\MiTek\tex/latex/koma-script\scrlfile-hook.sty
Package: scrlfile-hook 2025/06/04 v3.45 KOMA-Script package (using LaTeX hooks)
 (D:\MiTek\tex/latex/koma-script\scrlogo.sty
Package: scrlogo 2025/06/04 v3.45 KOMA-Script package (logo)
))) (D:\MiTek\tex/latex/graphics\keyval.sty
Package: keyval 2022/05/29 v1.15 key=value parser (DPC)
\KV@toks@=\toks17
)
Applying: [2021/05/01] Usage of raw or classic option list on input line 254.
Already applied: [0000/00/00] Usage of raw or classic option list on input line 370.
)))

LaTeX Font Warning: Font shape `OT1/cmr/m/n' in size <13> not available
(Font)              size <12> substituted on input line 14.

(D:\MiTek\tex/latex/base\fontenc.sty
Package: fontenc 2021/04/29 v2.0v Standard LaTeX package
 (D:\MiTek\tex/latex/vntex\t5enc.def
File: t5enc.def 2006/11/21 v1.4 Vietnamese T5 encoding
Now handling font encoding T5 ...
... processing UTF-8 mapping file for font encoding T5
 (D:\MiTek\tex/latex/vntex\t5enc.dfu
File: t5enc.dfu 2006/08/19 v1.1 UTF8 support for Vietnamese
   defining Unicode char U+00AB (decimal 171)
   defining Unicode char U+00BB (decimal 187)
   defining Unicode char U+00C0 (decimal 192)
   defining Unicode char U+00C1 (decimal 193)
   defining Unicode char U+00C2 (decimal 194)
   defining Unicode char U+00C3 (decimal 195)
   defining Unicode char U+00C8 (decimal 200)
   defining Unicode char U+00C9 (decimal 201)
   defining Unicode char U+00CA (decimal 202)
   defining Unicode char U+00CC (decimal 204)
   defining Unicode char U+00CD (decimal 205)
   defining Unicode char U+00D2 (decimal 210)
   defining Unicode char U+00D3 (decimal 211)
   defining Unicode char U+00D4 (decimal 212)
   defining Unicode char U+00D5 (decimal 213)
   defining Unicode char U+00D9 (decimal 217)
   defining Unicode char U+00DA (decimal 218)
   defining Unicode char U+00DD (decimal 221)
   defining Unicode char U+00E0 (decimal 224)
   defining Unicode char U+00E1 (decimal 225)
   defining Unicode char U+00E2 (decimal 226)
   defining Unicode char U+00E3 (decimal 227)
   defining Unicode char U+00E8 (decimal 232)
   defining Unicode char U+00E9 (decimal 233)
   defining Unicode char U+00EA (decimal 234)
   defining Unicode char U+00EC (decimal 236)
   defining Unicode char U+00ED (decimal 237)
   defining Unicode char U+00F2 (decimal 242)
   defining Unicode char U+00F3 (decimal 243)
   defining Unicode char U+00F4 (decimal 244)
   defining Unicode char U+00F5 (decimal 245)
   defining Unicode char U+00F9 (decimal 249)
   defining Unicode char U+00FA (decimal 250)
   defining Unicode char U+00FD (decimal 253)
   defining Unicode char U+0102 (decimal 258)
   defining Unicode char U+0103 (decimal 259)
   defining Unicode char U+0110 (decimal 272)
   defining Unicode char U+0111 (decimal 273)
   defining Unicode char U+0128 (decimal 296)
   defining Unicode char U+0129 (decimal 297)
   defining Unicode char U+0131 (decimal 305)
   defining Unicode char U+0168 (decimal 360)
   defining Unicode char U+0169 (decimal 361)
   defining Unicode char U+01A0 (decimal 416)
   defining Unicode char U+01A1 (decimal 417)
   defining Unicode char U+01AF (decimal 431)
   defining Unicode char U+01B0 (decimal 432)
   defining Unicode char U+1EA0 (decimal 7840)
   defining Unicode char U+1EA1 (decimal 7841)
   defining Unicode char U+1EA2 (decimal 7842)
   defining Unicode char U+1EA3 (decimal 7843)
   defining Unicode char U+1EA4 (decimal 7844)
   defining Unicode char U+1EA5 (decimal 7845)
   defining Unicode char U+1EA6 (decimal 7846)
   defining Unicode char U+1EA7 (decimal 7847)
   defining Unicode char U+1EA8 (decimal 7848)
   defining Unicode char U+1EA9 (decimal 7849)
   defining Unicode char U+1EAA (decimal 7850)
   defining Unicode char U+1EAB (decimal 7851)
   defining Unicode char U+1EAC (decimal 7852)
   defining Unicode char U+1EAD (decimal 7853)
   defining Unicode char U+1EAE (decimal 7854)
   defining Unicode char U+1EAF (decimal 7855)
   defining Unicode char U+1EB0 (decimal 7856)
   defining Unicode char U+1EB1 (decimal 7857)
   defining Unicode char U+1EB2 (decimal 7858)
   defining Unicode char U+1EB3 (decimal 7859)
   defining Unicode char U+1EB4 (decimal 7860)
   defining Unicode char U+1EB5 (decimal 7861)
   defining Unicode char U+1EB6 (decimal 7862)
   defining Unicode char U+1EB7 (decimal 7863)
   defining Unicode char U+1EB8 (decimal 7864)
   defining Unicode char U+1EB9 (decimal 7865)
   defining Unicode char U+1EBA (decimal 7866)
   defining Unicode char U+1EBB (decimal 7867)
   defining Unicode char U+1EBC (decimal 7868)
   defining Unicode char U+1EBD (decimal 7869)
   defining Unicode char U+1EBE (decimal 7870)
   defining Unicode char U+1EBF (decimal 7871)
   defining Unicode char U+1EC0 (decimal 7872)
   defining Unicode char U+1EC1 (decimal 7873)
   defining Unicode char U+1EC2 (decimal 7874)
   defining Unicode char U+1EC3 (decimal 7875)
   defining Unicode char U+1EC4 (decimal 7876)
   defining Unicode char U+1EC5 (decimal 7877)
   defining Unicode char U+1EC6 (decimal 7878)
   defining Unicode char U+1EC7 (decimal 7879)
   defining Unicode char U+1EC8 (decimal 7880)
   defining Unicode char U+1EC9 (decimal 7881)
   defining Unicode char U+1ECA (decimal 7882)
   defining Unicode char U+1ECB (decimal 7883)
   defining Unicode char U+1ECC (decimal 7884)
   defining Unicode char U+1ECD (decimal 7885)
   defining Unicode char U+1ECE (decimal 7886)
   defining Unicode char U+1ECF (decimal 7887)
   defining Unicode char U+1ED0 (decimal 7888)
   defining Unicode char U+1ED1 (decimal 7889)
   defining Unicode char U+1ED2 (decimal 7890)
   defining Unicode char U+1ED3 (decimal 7891)
   defining Unicode char U+1ED4 (decimal 7892)
   defining Unicode char U+1ED5 (decimal 7893)
   defining Unicode char U+1ED6 (decimal 7894)
   defining Unicode char U+1ED7 (decimal 7895)
   defining Unicode char U+1ED8 (decimal 7896)
   defining Unicode char U+1ED9 (decimal 7897)
   defining Unicode char U+1EDA (decimal 7898)
   defining Unicode char U+1EDB (decimal 7899)
   defining Unicode char U+1EDC (decimal 7900)
   defining Unicode char U+1EDD (decimal 7901)
   defining Unicode char U+1EDE (decimal 7902)
   defining Unicode char U+1EDF (decimal 7903)
   defining Unicode char U+1EE0 (decimal 7904)
   defining Unicode char U+1EE1 (decimal 7905)
   defining Unicode char U+1EE2 (decimal 7906)
   defining Unicode char U+1EE3 (decimal 7907)
   defining Unicode char U+1EE4 (decimal 7908)
   defining Unicode char U+1EE5 (decimal 7909)
   defining Unicode char U+1EE6 (decimal 7910)
   defining Unicode char U+1EE7 (decimal 7911)
   defining Unicode char U+1EE8 (decimal 7912)
   defining Unicode char U+1EE9 (decimal 7913)
   defining Unicode char U+1EEA (decimal 7914)
   defining Unicode char U+1EEB (decimal 7915)
   defining Unicode char U+1EEC (decimal 7916)
   defining Unicode char U+1EED (decimal 7917)
   defining Unicode char U+1EEE (decimal 7918)
   defining Unicode char U+1EEF (decimal 7919)
   defining Unicode char U+1EF0 (decimal 7920)
   defining Unicode char U+1EF1 (decimal 7921)
   defining Unicode char U+1EF2 (decimal 7922)
   defining Unicode char U+1EF3 (decimal 7923)
   defining Unicode char U+1EF4 (decimal 7924)
   defining Unicode char U+1EF5 (decimal 7925)
   defining Unicode char U+1EF6 (decimal 7926)
   defining Unicode char U+1EF7 (decimal 7927)
   defining Unicode char U+1EF8 (decimal 7928)
   defining Unicode char U+1EF9 (decimal 7929)
   defining Unicode char U+200C (decimal 8204)
   defining Unicode char U+2013 (decimal 8211)
   defining Unicode char U+2014 (decimal 8212)
   defining Unicode char U+2018 (decimal 8216)
   defining Unicode char U+2019 (decimal 8217)
   defining Unicode char U+201A (decimal 8218)
   defining Unicode char U+201C (decimal 8220)
   defining Unicode char U+201D (decimal 8221)
   defining Unicode char U+201E (decimal 8222)
   defining Unicode char U+2030 (decimal 8240)
   defining Unicode char U+2031 (decimal 8241)
   defining Unicode char U+2039 (decimal 8249)
   defining Unicode char U+203A (decimal 8250)
   defining Unicode char U+2423 (decimal 9251)
))
LaTeX Font Info:    Trying to load font information for T5+cmr on input line 112.
 (D:\MiTek\tex/latex/vntex\t5cmr.fd
File: t5cmr.fd 1999/05/25 v2.5h Standard LaTeX font definitions
)) (D:\MiTek\tex/latex/base\inputenc.sty
Package: inputenc 2021/02/14 v1.3d Input encoding file
\inpenc@prehook=\toks18
\inpenc@posthook=\toks19
) (D:\MiTek\tex/latex/fancyhdr\fancyhdr.sty
Package: fancyhdr 2025/02/07 v5.2 Extensive control of page headers and footers
\f@nch@headwidth=\skip50
\f@nch@offset@elh=\skip51
\f@nch@offset@erh=\skip52
\f@nch@offset@olh=\skip53
\f@nch@offset@orh=\skip54
\f@nch@offset@elf=\skip55
\f@nch@offset@erf=\skip56
\f@nch@offset@olf=\skip57
\f@nch@offset@orf=\skip58
\f@nch@height=\skip59
\f@nch@footalignment=\skip60
\f@nch@widthL=\skip61
\f@nch@widthC=\skip62
\f@nch@widthR=\skip63
\@temptokenb=\toks20
) (D:\MiTek\tex/latex/pgfplots\pgfplots.sty (D:\MiTek\tex/generic/pgfplots\pgfplots.revision.tex)
Package: pgfplots 2021/05/15 v1.18.1 Data Visualization (1.18.1)
 (D:\MiTek\tex/latex/graphics\graphicx.sty
Package: graphicx 2021/09/16 v1.2d Enhanced LaTeX Graphics (DPC,SPQR)
 (D:\MiTek\tex/latex/graphics\graphics.sty
Package: graphics 2022/03/10 v1.4e Standard LaTeX Graphics (DPC,SPQR)
 (D:\MiTek\tex/latex/graphics\trig.sty
Package: trig 2021/08/11 v1.11 sin cos tan (DPC)
) (D:\MiTek\tex/latex/graphics-cfg\graphics.cfg
File: graphics.cfg 2016/06/04 v1.11 sample graphics configuration
)
Package graphics Info: Driver file: pdftex.def on input line 107.
 (D:\MiTek\tex/latex/graphics-def\pdftex.def
File: pdftex.def 2022/09/22 v1.2b Graphics/color driver for pdftex
))
\Gin@req@height=\dimen142
\Gin@req@width=\dimen143
) (D:\MiTek\tex/latex/pgf/frontendlayer\tikz.sty (D:\MiTek\tex/latex/pgf/basiclayer\pgf.sty (D:\MiTek\tex/latex/pgf/utilities\pgfrcs.sty (D:\MiTek\tex/generic/pgf/utilities\pgfutil-common.tex
\pgfutil@everybye=\toks21
\pgfutil@tempdima=\dimen144
\pgfutil@tempdimb=\dimen145
) (D:\MiTek\tex/generic/pgf/utilities\pgfutil-latex.def
\pgfutil@abb=\box51
) (D:\MiTek\tex/generic/pgf/utilities\pgfrcs.code.tex (D:\MiTek\tex/generic/pgf\pgf.revision.tex)
Package: pgfrcs 2023-01-15 v3.1.10 (3.1.10)
))
Package: pgf 2023-01-15 v3.1.10 (3.1.10)
 (D:\MiTek\tex/latex/pgf/basiclayer\pgfcore.sty (D:\MiTek\tex/latex/pgf/systemlayer\pgfsys.sty (D:\MiTek\tex/generic/pgf/systemlayer\pgfsys.code.tex
Package: pgfsys 2023-01-15 v3.1.10 (3.1.10)
 (D:\MiTek\tex/generic/pgf/utilities\pgfkeys.code.tex
\pgfkeys@pathtoks=\toks22
\pgfkeys@temptoks=\toks23
 (D:\MiTek\tex/generic/pgf/utilities\pgfkeyslibraryfiltered.code.tex
\pgfkeys@tmptoks=\toks24
))
\pgf@x=\dimen146
\pgf@y=\dimen147
\pgf@xa=\dimen148
\pgf@ya=\dimen149
\pgf@xb=\dimen150
\pgf@yb=\dimen151
\pgf@xc=\dimen152
\pgf@yc=\dimen153
\pgf@xd=\dimen154
\pgf@yd=\dimen155
\w@pgf@writea=\write3
\r@pgf@reada=\read2
\c@pgf@counta=\count196
\c@pgf@countb=\count197
\c@pgf@countc=\count198
\c@pgf@countd=\count199
\t@pgf@toka=\toks25
\t@pgf@tokb=\toks26
\t@pgf@tokc=\toks27
\pgf@sys@id@count=\count266
 (D:\MiTek\tex/generic/pgf/systemlayer\pgf.cfg
File: pgf.cfg 2023-01-15 v3.1.10 (3.1.10)
)
Driver file for pgf: pgfsys-pdftex.def
 (D:\MiTek\tex/generic/pgf/systemlayer\pgfsys-pdftex.def
File: pgfsys-pdftex.def 2023-01-15 v3.1.10 (3.1.10)
 (D:\MiTek\tex/generic/pgf/systemlayer\pgfsys-common-pdf.def
File: pgfsys-common-pdf.def 2023-01-15 v3.1.10 (3.1.10)
))) (D:\MiTek\tex/generic/pgf/systemlayer\pgfsyssoftpath.code.tex
File: pgfsyssoftpath.code.tex 2023-01-15 v3.1.10 (3.1.10)
\pgfsyssoftpath@smallbuffer@items=\count267
\pgfsyssoftpath@bigbuffer@items=\count268
) (D:\MiTek\tex/generic/pgf/systemlayer\pgfsysprotocol.code.tex
File: pgfsysprotocol.code.tex 2023-01-15 v3.1.10 (3.1.10)
)) (D:\MiTek\tex/latex/xcolor\xcolor.sty
Package: xcolor 2023/11/15 v3.01 LaTeX color extensions (UK)
 (D:\MiTek\tex/latex/graphics-cfg\color.cfg
File: color.cfg 2016/01/02 v1.6 sample color configuration
)
Package xcolor Info: Driver file: pdftex.def on input line 274.
 (D:\MiTek\tex/latex/graphics\mathcolor.ltx)
Package xcolor Info: Model `cmy' substituted by `cmy0' on input line 1350.
Package xcolor Info: Model `hsb' substituted by `rgb' on input line 1354.
Package xcolor Info: Model `RGB' extended on input line 1366.
Package xcolor Info: Model `HTML' substituted by `rgb' on input line 1368.
Package xcolor Info: Model `Hsb' substituted by `hsb' on input line 1369.
Package xcolor Info: Model `tHsb' substituted by `hsb' on input line 1370.
Package xcolor Info: Model `HSB' substituted by `hsb' on input line 1371.
Package xcolor Info: Model `Gray' substituted by `gray' on input line 1372.
Package xcolor Info: Model `wave' substituted by `hsb' on input line 1373.
) (D:\MiTek\tex/generic/pgf/basiclayer\pgfcore.code.tex
Package: pgfcore 2023-01-15 v3.1.10 (3.1.10)
 (D:\MiTek\tex/generic/pgf/math\pgfmath.code.tex (D:\MiTek\tex/generic/pgf/math\pgfmathutil.code.tex) (D:\MiTek\tex/generic/pgf/math\pgfmathparser.code.tex
\pgfmath@dimen=\dimen156
\pgfmath@count=\count269
\pgfmath@box=\box52
\pgfmath@toks=\toks28
\pgfmath@stack@operand=\toks29
\pgfmath@stack@operation=\toks30
) (D:\MiTek\tex/generic/pgf/math\pgfmathfunctions.code.tex) (D:\MiTek\tex/generic/pgf/math\pgfmathfunctions.basic.code.tex) (D:\MiTek\tex/generic/pgf/math\pgfmathfunctions.trigonometric.code.tex) (D:\MiTek\tex/generic/pgf/math\pgfmathfunctions.random.code.tex) (D:\MiTek\tex/generic/pgf/math\pgfmathfunctions.comparison.code.tex) (D:\MiTek\tex/generic/pgf/math\pgfmathfunctions.base.code.tex) (D:\MiTek\tex/generic/pgf/math\pgfmathfunctions.round.code.tex) (D:\MiTek\tex/generic/pgf/math\pgfmathfunctions.misc.code.tex) (D:\MiTek\tex/generic/pgf/math\pgfmathfunctions.integerarithmetics.code.tex) (D:\MiTek\tex/generic/pgf/math\pgfmathcalc.code.tex) (D:\MiTek\tex/generic/pgf/math\pgfmathfloat.code.tex
\c@pgfmathroundto@lastzeros=\count270
)) (D:\MiTek\tex/generic/pgf/math\pgfint.code.tex) (D:\MiTek\tex/generic/pgf/basiclayer\pgfcorepoints.code.tex
File: pgfcorepoints.code.tex 2023-01-15 v3.1.10 (3.1.10)
\pgf@picminx=\dimen157
\pgf@picmaxx=\dimen158
\pgf@picminy=\dimen159
\pgf@picmaxy=\dimen160
\pgf@pathminx=\dimen161
\pgf@pathmaxx=\dimen162
\pgf@pathminy=\dimen163
\pgf@pathmaxy=\dimen164
\pgf@xx=\dimen165
\pgf@xy=\dimen166
\pgf@yx=\dimen167
\pgf@yy=\dimen168
\pgf@zx=\dimen169
\pgf@zy=\dimen170
) (D:\MiTek\tex/generic/pgf/basiclayer\pgfcorepathconstruct.code.tex
File: pgfcorepathconstruct.code.tex 2023-01-15 v3.1.10 (3.1.10)
\pgf@path@lastx=\dimen171
\pgf@path@lasty=\dimen172
) (D:\MiTek\tex/generic/pgf/basiclayer\pgfcorepathusage.code.tex
File: pgfcorepathusage.code.tex 2023-01-15 v3.1.10 (3.1.10)
\pgf@shorten@end@additional=\dimen173
\pgf@shorten@start@additional=\dimen174
) (D:\MiTek\tex/generic/pgf/basiclayer\pgfcorescopes.code.tex
File: pgfcorescopes.code.tex 2023-01-15 v3.1.10 (3.1.10)
\pgfpic=\box53
\pgf@hbox=\box54
\pgf@layerbox@main=\box55
\pgf@picture@serial@count=\count271
) (D:\MiTek\tex/generic/pgf/basiclayer\pgfcoregraphicstate.code.tex
File: pgfcoregraphicstate.code.tex 2023-01-15 v3.1.10 (3.1.10)
\pgflinewidth=\dimen175
) (D:\MiTek\tex/generic/pgf/basiclayer\pgfcoretransformations.code.tex
File: pgfcoretransformations.code.tex 2023-01-15 v3.1.10 (3.1.10)
\pgf@pt@x=\dimen176
\pgf@pt@y=\dimen177
\pgf@pt@temp=\dimen178
) (D:\MiTek\tex/generic/pgf/basiclayer\pgfcorequick.code.tex
File: pgfcorequick.code.tex 2023-01-15 v3.1.10 (3.1.10)
) (D:\MiTek\tex/generic/pgf/basiclayer\pgfcoreobjects.code.tex
File: pgfcoreobjects.code.tex 2023-01-15 v3.1.10 (3.1.10)
) (D:\MiTek\tex/generic/pgf/basiclayer\pgfcorepathprocessing.code.tex
File: pgfcorepathprocessing.code.tex 2023-01-15 v3.1.10 (3.1.10)
) (D:\MiTek\tex/generic/pgf/basiclayer\pgfcorearrows.code.tex
File: pgfcorearrows.code.tex 2023-01-15 v3.1.10 (3.1.10)
\pgfarrowsep=\dimen179
) (D:\MiTek\tex/generic/pgf/basiclayer\pgfcoreshade.code.tex
File: pgfcoreshade.code.tex 2023-01-15 v3.1.10 (3.1.10)
\pgf@max=\dimen180
\pgf@sys@shading@range@num=\count272
\pgf@shadingcount=\count273
) (D:\MiTek\tex/generic/pgf/basiclayer\pgfcoreimage.code.tex
File: pgfcoreimage.code.tex 2023-01-15 v3.1.10 (3.1.10)
) (D:\MiTek\tex/generic/pgf/basiclayer\pgfcoreexternal.code.tex
File: pgfcoreexternal.code.tex 2023-01-15 v3.1.10 (3.1.10)
\pgfexternal@startupbox=\box56
) (D:\MiTek\tex/generic/pgf/basiclayer\pgfcorelayers.code.tex
File: pgfcorelayers.code.tex 2023-01-15 v3.1.10 (3.1.10)
) (D:\MiTek\tex/generic/pgf/basiclayer\pgfcoretransparency.code.tex
File: pgfcoretransparency.code.tex 2023-01-15 v3.1.10 (3.1.10)
) (D:\MiTek\tex/generic/pgf/basiclayer\pgfcorepatterns.code.tex
File: pgfcorepatterns.code.tex 2023-01-15 v3.1.10 (3.1.10)
) (D:\MiTek\tex/generic/pgf/basiclayer\pgfcorerdf.code.tex
File: pgfcorerdf.code.tex 2023-01-15 v3.1.10 (3.1.10)
))) (D:\MiTek\tex/generic/pgf/modules\pgfmoduleshapes.code.tex
File: pgfmoduleshapes.code.tex 2023-01-15 v3.1.10 (3.1.10)
\pgfnodeparttextbox=\box57
) (D:\MiTek\tex/generic/pgf/modules\pgfmoduleplot.code.tex
File: pgfmoduleplot.code.tex 2023-01-15 v3.1.10 (3.1.10)
) (D:\MiTek\tex/latex/pgf/compatibility\pgfcomp-version-0-65.sty
Package: pgfcomp-version-0-65 2023-01-15 v3.1.10 (3.1.10)
\pgf@nodesepstart=\dimen181
\pgf@nodesepend=\dimen182
) (D:\MiTek\tex/latex/pgf/compatibility\pgfcomp-version-1-18.sty
Package: pgfcomp-version-1-18 2023-01-15 v3.1.10 (3.1.10)
)) (D:\MiTek\tex/latex/pgf/utilities\pgffor.sty (D:\MiTek\tex/latex/pgf/utilities\pgfkeys.sty (D:\MiTek\tex/generic/pgf/utilities\pgfkeys.code.tex)) (D:\MiTek\tex/latex/pgf/math\pgfmath.sty (D:\MiTek\tex/generic/pgf/math\pgfmath.code.tex)) (D:\MiTek\tex/generic/pgf/utilities\pgffor.code.tex
Package: pgffor 2023-01-15 v3.1.10 (3.1.10)
\pgffor@iter=\dimen183
\pgffor@skip=\dimen184
\pgffor@stack=\toks31
\pgffor@toks=\toks32
)) (D:\MiTek\tex/generic/pgf/frontendlayer/tikz\tikz.code.tex
Package: tikz 2023-01-15 v3.1.10 (3.1.10)
 (D:\MiTek\tex/generic/pgf/libraries\pgflibraryplothandlers.code.tex
File: pgflibraryplothandlers.code.tex 2023-01-15 v3.1.10 (3.1.10)
\pgf@plot@mark@count=\count274
\pgfplotmarksize=\dimen185
)
\tikz@lastx=\dimen186
\tikz@lasty=\dimen187
\tikz@lastxsaved=\dimen188
\tikz@lastysaved=\dimen189
\tikz@lastmovetox=\dimen190
\tikz@lastmovetoy=\dimen191
\tikzleveldistance=\dimen192
\tikzsiblingdistance=\dimen193
\tikz@figbox=\box58
\tikz@figbox@bg=\box59
\tikz@tempbox=\box60
\tikz@tempbox@bg=\box61
\tikztreelevel=\count275
\tikznumberofchildren=\count276
\tikznumberofcurrentchild=\count277
\tikz@fig@count=\count278
 (D:\MiTek\tex/generic/pgf/modules\pgfmodulematrix.code.tex
File: pgfmodulematrix.code.tex 2023-01-15 v3.1.10 (3.1.10)
\pgfmatrixcurrentrow=\count279
\pgfmatrixcurrentcolumn=\count280
\pgf@matrix@numberofcolumns=\count281
)
\tikz@expandcount=\count282
 (D:\MiTek\tex/generic/pgf/frontendlayer/tikz/libraries\tikzlibrarytopaths.code.tex
File: tikzlibrarytopaths.code.tex 2023-01-15 v3.1.10 (3.1.10)
))) (D:\MiTek\tex/generic/pgfplots\pgfplots.code.tex (D:\MiTek\tex/generic/pgfplots\pgfplotscore.code.tex
\t@pgfplots@toka=\toks33
\t@pgfplots@tokb=\toks34
\t@pgfplots@tokc=\toks35
\pgfplots@tmpa=\dimen194
\c@pgfplots@coordindex=\count283
\c@pgfplots@scanlineindex=\count284
 (D:\MiTek\tex/generic/pgfplots/sys\pgfplotssysgeneric.code.tex)) (D:\MiTek\tex/generic/pgfplots/libs\pgfplotslibrary.code.tex) (D:\MiTek\tex/generic/pgfplots/oldpgfcompatib\pgfplotsoldpgfsupp_loader.code.tex (D:\MiTek\tex/generic/pgf/libraries\pgflibraryfpu.code.tex)
Package pgfplots: loading complementary utilities for your pgf version...
\t@pgf@toka=\toks36
\t@pgf@tokb=\toks37
\t@pgf@tokc=\toks38
(D:\MiTek\tex/generic/pgfplots/oldpgfcompatib\pgfplotsoldpgfsupp_pgfutil-common-lists.tex)) (D:\MiTek\tex/generic/pgfplots/util\pgfplotsutil.code.tex (D:\MiTek\tex/generic/pgfplots/liststructure\pgfplotsliststructure.code.tex) (D:\MiTek\tex/generic/pgfplots/liststructure\pgfplotsliststructureext.code.tex) (D:\MiTek\tex/generic/pgfplots/liststructure\pgfplotsarray.code.tex
\c@pgfplotsarray@tmp=\count285
) (D:\MiTek\tex/generic/pgfplots/liststructure\pgfplotsmatrix.code.tex) (D:\MiTek\tex/generic/pgfplots/numtable\pgfplotstableshared.code.tex
\c@pgfplotstable@counta=\count286
\t@pgfplotstable@a=\toks39
) (D:\MiTek\tex/generic/pgfplots/liststructure\pgfplotsdeque.code.tex) (D:\MiTek\tex/generic/pgfplots/util\pgfplotsbinary.code.tex (D:\MiTek\tex/generic/pgfplots/util\pgfplotsbinary.data.code.tex)) (D:\MiTek\tex/generic/pgfplots/util\pgfplotsutil.verb.code.tex) (D:\MiTek\tex/generic/pgfplots/libs\pgflibrarypgfplots.surfshading.code.tex
\c@pgfplotslibrarysurf@no=\count287
 (D:\MiTek\tex/generic/pgfplots/sys\pgflibrarypgfplots.surfshading.pgfsys-pdftex.def))) (D:\MiTek\tex/generic/pgfplots/util\pgfplotscolormap.code.tex (D:\MiTek\tex/generic/pgfplots/util\pgfplotscolor.code.tex)) (D:\MiTek\tex/generic/pgfplots\pgfplotsstackedplots.code.tex) (D:\MiTek\tex/generic/pgfplots\pgfplotsplothandlers.code.tex (D:\MiTek\tex/generic/pgfplots\pgfplotsmeshplothandler.code.tex (D:\MiTek\tex/generic/pgfplots\pgfplotsmeshplotimage.code.tex))) (D:\MiTek\tex/generic/pgfplots\pgfplots.scaling.code.tex) (D:\MiTek\tex/generic/pgfplots\pgfplotscoordprocessing.code.tex) (D:\MiTek\tex/generic/pgfplots\pgfplots.errorbars.code.tex) (D:\MiTek\tex/generic/pgfplots\pgfplots.markers.code.tex) (D:\MiTek\tex/generic/pgfplots\pgfplotsticks.code.tex) (D:\MiTek\tex/generic/pgfplots\pgfplots.paths.code.tex) (D:\MiTek\tex/generic/pgf/frontendlayer/tikz/libraries\tikzlibrarydecorations.code.tex (D:\MiTek\tex/generic/pgf/modules\pgfmoduledecorations.code.tex
\pgfdecoratedcompleteddistance=\dimen195
\pgfdecoratedremainingdistance=\dimen196
\pgfdecoratedinputsegmentcompleteddistance=\dimen197
\pgfdecoratedinputsegmentremainingdistance=\dimen198
\pgf@decorate@distancetomove=\dimen199
\pgf@decorate@repeatstate=\count288
\pgfdecorationsegmentamplitude=\dimen256
\pgfdecorationsegmentlength=\dimen257
)
\tikz@lib@dec@box=\box62
) (D:\MiTek\tex/generic/pgf/frontendlayer/tikz/libraries\tikzlibrarydecorations.pathmorphing.code.tex (D:\MiTek\tex/generic/pgf/libraries/decorations\pgflibrarydecorations.pathmorphing.code.tex)) (D:\MiTek\tex/generic/pgf/frontendlayer/tikz/libraries\tikzlibrarydecorations.pathreplacing.code.tex (D:\MiTek\tex/generic/pgf/libraries/decorations\pgflibrarydecorations.pathreplacing.code.tex)) (D:\MiTek\tex/generic/pgfplots/libs\tikzlibrarypgfplots.contourlua.code.tex)
\pgfplots@numplots=\count289
\pgfplots@xmin@reg=\dimen258
\pgfplots@xmax@reg=\dimen259
\pgfplots@ymin@reg=\dimen260
\pgfplots@ymax@reg=\dimen261
\pgfplots@zmin@reg=\dimen262
\pgfplots@zmax@reg=\dimen263
) (D:\MiTek\tex/generic/pgf/frontendlayer/tikz/libraries\tikzlibraryplotmarks.code.tex
File: tikzlibraryplotmarks.code.tex 2023-01-15 v3.1.10 (3.1.10)
 (D:\MiTek\tex/generic/pgf/libraries\pgflibraryplotmarks.code.tex
File: pgflibraryplotmarks.code.tex 2023-01-15 v3.1.10 (3.1.10)
))) (D:\MiTek\tex/latex/amsmath\amsmath.sty
Package: amsmath 2023/05/13 v2.17o AMS math features
\@mathmargin=\skip64

For additional information on amsmath, use the `?' option.
(D:\MiTek\tex/latex/amsmath\amstext.sty
Package: amstext 2021/08/26 v2.01 AMS text
 (D:\MiTek\tex/latex/amsmath\amsgen.sty
File: amsgen.sty 1999/11/30 v2.0 generic functions
\@emptytoks=\toks40
\ex@=\dimen264
)) (D:\MiTek\tex/latex/amsmath\amsbsy.sty
Package: amsbsy 1999/11/29 v1.2d Bold Symbols
\pmbraise@=\dimen265
) (D:\MiTek\tex/latex/amsmath\amsopn.sty
Package: amsopn 2022/04/08 v2.04 operator names
)
\inf@bad=\count290
LaTeX Info: Redefining \frac on input line 234.
\uproot@=\count291
\leftroot@=\count292
LaTeX Info: Redefining \overline on input line 399.
LaTeX Info: Redefining \colon on input line 410.
\classnum@=\count293
\DOTSCASE@=\count294
LaTeX Info: Redefining \ldots on input line 496.
LaTeX Info: Redefining \dots on input line 499.
LaTeX Info: Redefining \cdots on input line 620.
\Mathstrutbox@=\box63
\strutbox@=\box64
LaTeX Info: Redefining \big on input line 722.
LaTeX Info: Redefining \Big on input line 723.
LaTeX Info: Redefining \bigg on input line 724.
LaTeX Info: Redefining \Bigg on input line 725.
\big@size=\dimen266
LaTeX Font Info:    Redeclaring font encoding OML on input line 743.
LaTeX Font Info:    Redeclaring font encoding OMS on input line 744.
\macc@depth=\count295
LaTeX Info: Redefining \bmod on input line 905.
LaTeX Info: Redefining \pmod on input line 910.
LaTeX Info: Redefining \smash on input line 940.
LaTeX Info: Redefining \relbar on input line 970.
LaTeX Info: Redefining \Relbar on input line 971.
\c@MaxMatrixCols=\count296
\dotsspace@=\muskip16
\c@parentequation=\count297
\dspbrk@lvl=\count298
\tag@help=\toks41
\row@=\count299
\column@=\count300
\maxfields@=\count301
\andhelp@=\toks42
\eqnshift@=\dimen267
\alignsep@=\dimen268
\tagshift@=\dimen269
\tagwidth@=\dimen270
\totwidth@=\dimen271
\lineht@=\dimen272
\@envbody=\toks43
\multlinegap=\skip65
\multlinetaggap=\skip66
\mathdisplay@stack=\toks44
LaTeX Info: Redefining \[ on input line 2953.
LaTeX Info: Redefining \] on input line 2954.
) (D:\MiTek\tex/latex/caption\subcaption.sty
Package: subcaption 2023/07/28 v1.6b Sub-captions (AR)
 (D:\MiTek\tex/latex/caption\caption.sty
Package: caption 2023/08/05 v3.6o Customizing captions (AR)
 (D:\MiTek\tex/latex/caption\caption3.sty
Package: caption3 2023/07/31 v2.4d caption3 kernel (AR)
\caption@tempdima=\dimen273
\captionmargin=\dimen274
\caption@leftmargin=\dimen275
\caption@rightmargin=\dimen276
\caption@width=\dimen277
\caption@indent=\dimen278
\caption@parindent=\dimen279
\caption@hangindent=\dimen280
Package caption Info: Standard document class detected.
)
\c@caption@flags=\count302
\c@continuedfloat=\count303
Package caption Info: scrextend package is loaded.
\caption@addmargin@hsize=\dimen281
\caption@addmargin@linewidth=\dimen282
)
Package caption Info: New subtype `subfigure' on input line 238.
\c@subfigure=\count304
Package caption Info: New subtype `subtable' on input line 238.
\c@subtable=\count305
) (D:\MiTek\tex/latex/titlesec\titlesec.sty
Package: titlesec 2025/01/04 v2.17 Sectioning titles
\ttl@box=\box65
\beforetitleunit=\skip67
\aftertitleunit=\skip68
\ttl@plus=\dimen283
\ttl@minus=\dimen284
\ttl@toksa=\toks45
\titlewidth=\dimen285
\titlewidthlast=\dimen286
\titlewidthfirst=\dimen287
) (D:\MiTek\tex/latex/diagbox\diagbox.sty
Package: diagbox 2020/02/09 v2.3 Making table heads with diagonal lines
 (D:\MiTek\tex/latex/pict2e\pict2e.sty
Package: pict2e 2020/09/30 v0.4b Improved picture commands (HjG,RN,JT)
 (D:\MiTek\tex/latex/pict2e\pict2e.cfg
File: pict2e.cfg 2016/02/05 v0.1u pict2e configuration for teTeX/TeXLive
)
Package pict2e Info: Driver file: pdftex.def on input line 112.
Package pict2e Info: Driver file for pict2e: p2e-pdftex.def on input line 114.
 (D:\MiTek\tex/latex/pict2e\p2e-pdftex.def
File: p2e-pdftex.def 2016/02/05 v0.1u Driver-dependant file (RN,HjG,JT)
)
\pIIe@GRAPH=\toks46
\@arclen=\dimen288
\@arcrad=\dimen289
\pIIe@tempdima=\dimen290
\pIIe@tempdimb=\dimen291
\pIIe@tempdimc=\dimen292
\pIIe@tempdimd=\dimen293
\pIIe@tempdime=\dimen294
\pIIe@tempdimf=\dimen295
) (D:\MiTek\tex/latex/tools\calc.sty
Package: calc 2023/07/08 v4.3 Infix arithmetic (KKT,FJ)
\calc@Acount=\count306
\calc@Bcount=\count307
\calc@Adimen=\dimen296
\calc@Bdimen=\dimen297
\calc@Askip=\skip69
\calc@Bskip=\skip70
LaTeX Info: Redefining \setlength on input line 80.
LaTeX Info: Redefining \addtolength on input line 81.
\calc@Ccount=\count308
\calc@Cskip=\skip71
) (D:\MiTek\tex/latex/tools\array.sty
Package: array 2023/10/16 v2.5g Tabular extension package (FMi)
\col@sep=\dimen298
\ar@mcellbox=\box66
\extrarowheight=\dimen299
\NC@list=\toks47
\extratabsurround=\skip72
\backup@length=\skip73
\ar@cellbox=\box67
)
\diagbox@boxa=\box68
\diagbox@boxb=\box69
\diagbox@boxm=\box70
\diagbox@wd=\dimen300
\diagbox@ht=\dimen301
\diagbox@insepl=\dimen302
\diagbox@insepr=\dimen303
\diagbox@outsepl=\dimen304
\diagbox@outsepr=\dimen305
) (D:\MiTek\tex/latex/amsfonts\amssymb.sty
Package: amssymb 2013/01/14 v3.01 AMS font symbols
 (D:\MiTek\tex/latex/amsfonts\amsfonts.sty
Package: amsfonts 2013/01/14 v3.01 Basic AMSFonts support
\symAMSa=\mathgroup4
\symAMSb=\mathgroup5
LaTeX Font Info:    Redeclaring math symbol \hbar on input line 98.
LaTeX Font Info:    Overwriting math alphabet `\mathfrak' in version `bold'
(Font)                  U/euf/m/n --> U/euf/b/n on input line 106.
)) (D:\MiTek\tex/latex/tools\longtable.sty
Package: longtable 2023-11-01 v4.19 Multi-page Table package (DPC)
\LTleft=\skip74
\LTright=\skip75
\LTpre=\skip76
\LTpost=\skip77
\LTchunksize=\count309
\LTcapwidth=\dimen306
\LT@head=\box71
\LT@firsthead=\box72
\LT@foot=\box73
\LT@lastfoot=\box74
\LT@gbox=\box75
\LT@cols=\count310
\LT@rows=\count311
\c@LT@tables=\count312
\c@LT@chunks=\count313
\LT@p@ftn=\toks48
) (D:\MiTek\tex/latex/biblatex\biblatex.sty
Package: biblatex 2023/03/05 v3.19 programmable bibliographies (PK/MW)
 (D:\MiTek\tex/generic/pdftexcmds\pdftexcmds.sty
Package: pdftexcmds 2020-06-27 v0.33 Utility functions of pdfTeX for LuaTeX (HO)
 (D:\MiTek\tex/generic/infwarerr\infwarerr.sty
Package: infwarerr 2019/12/03 v1.5 Providing info/warning/error messages (HO)
) (D:\MiTek\tex/generic/iftex\iftex.sty
Package: iftex 2022/02/03 v1.0f TeX engine tests
) (D:\MiTek\tex/generic/ltxcmds\ltxcmds.sty
Package: ltxcmds 2023-12-04 v1.26 LaTeX kernel commands for general use (HO)
)
Package pdftexcmds Info: \pdf@primitive is available.
Package pdftexcmds Info: \pdf@ifprimitive is available.
Package pdftexcmds Info: \pdfdraftmode found.
) (D:\MiTek\tex/latex/etoolbox\etoolbox.sty
Package: etoolbox 2020/10/05 v2.5k e-TeX tools for LaTeX (JAW)
\etb@tempcnta=\count314
) (D:\MiTek\tex/latex/kvoptions\kvoptions.sty
Package: kvoptions 2022-06-15 v3.15 Key value format for package options (HO)
 (D:\MiTek\tex/latex/kvsetkeys\kvsetkeys.sty
Package: kvsetkeys 2022-10-05 v1.19 Key value parser (HO)
)) (D:\MiTek\tex/latex/logreq\logreq.sty
Package: logreq 2010/08/04 v1.0 xml request logger
\lrq@indent=\count315
 (D:\MiTek\tex/latex/logreq\logreq.def
File: logreq.def 2010/08/04 v1.0 logreq spec v1.0
)) (D:\MiTek\tex/latex/base\ifthen.sty
Package: ifthen 2022/04/13 v1.1d Standard LaTeX ifthen package (DPC)
) (D:\MiTek\tex/latex/url\url.sty
\Urlmuskip=\muskip17
Package: url 2013/09/16  ver 3.4  Verb mode for urls, etc.
)
\c@tabx@nest=\count316
\c@listtotal=\count317
\c@listcount=\count318
\c@liststart=\count319
\c@liststop=\count320
\c@citecount=\count321
\c@citetotal=\count322
\c@multicitecount=\count323
\c@multicitetotal=\count324
\c@instcount=\count325
\c@maxnames=\count326
\c@minnames=\count327
\c@maxitems=\count328
\c@minitems=\count329
\c@citecounter=\count330
\c@maxcitecounter=\count331
\c@savedcitecounter=\count332
\c@uniquelist=\count333
\c@uniquename=\count334
\c@refsection=\count335
\c@refsegment=\count336
\c@maxextratitle=\count337
\c@maxextratitleyear=\count338
\c@maxextraname=\count339
\c@maxextradate=\count340
\c@maxextraalpha=\count341
\c@abbrvpenalty=\count342
\c@highnamepenalty=\count343
\c@lownamepenalty=\count344
\c@maxparens=\count345
\c@parenlevel=\count346
\blx@tempcnta=\count347
\blx@tempcntb=\count348
\blx@tempcntc=\count349
\c@blx@maxsection=\count350
\blx@maxsegment@0=\count351
\blx@notetype=\count352
\blx@parenlevel@text=\count353
\blx@parenlevel@foot=\count354
\blx@sectionciteorder@0=\count355
\blx@sectionciteorderinternal@0=\count356
\blx@entrysetcounter=\count357
\blx@biblioinstance=\count358
\labelnumberwidth=\skip78
\labelalphawidth=\skip79
\biblabelsep=\skip80
\bibitemsep=\skip81
\bibnamesep=\skip82
\bibinitsep=\skip83
\bibparsep=\skip84
\bibhang=\skip85
\blx@bcfin=\read3
\blx@bcfout=\write4
\blx@langwohyphens=\language79
\c@mincomprange=\count359
\c@maxcomprange=\count360
\c@mincompwidth=\count361
Package biblatex Info: Trying to load biblatex default data model...
Package biblatex Info: ... file 'blx-dm.def' found.
 (D:\MiTek\tex/latex/biblatex\blx-dm.def
File: blx-dm.def 2023/03/05 v3.19 biblatex localization (PK/MW)
)
Package biblatex Info: Trying to load biblatex custom data model...
Package biblatex Info: ... file 'biblatex-dm.cfg' not found.
\c@afterword=\count362
\c@savedafterword=\count363
\c@annotator=\count364
\c@savedannotator=\count365
\c@author=\count366
\c@savedauthor=\count367
\c@bookauthor=\count368
\c@savedbookauthor=\count369
\c@commentator=\count370
\c@savedcommentator=\count371
\c@editor=\count372
\c@savededitor=\count373
\c@editora=\count374
\c@savededitora=\count375
\c@editorb=\count376
\c@savededitorb=\count377
\c@editorc=\count378
\c@savededitorc=\count379
\c@foreword=\count380
\c@savedforeword=\count381
\c@holder=\count382
\c@savedholder=\count383
\c@introduction=\count384
\c@savedintroduction=\count385
\c@namea=\count386
\c@savednamea=\count387
\c@nameb=\count388
\c@savednameb=\count389
\c@namec=\count390
\c@savednamec=\count391
\c@translator=\count392
\c@savedtranslator=\count393
\c@shortauthor=\count394
\c@savedshortauthor=\count395
\c@shorteditor=\count396
\c@savedshorteditor=\count397
\c@labelname=\count398
\c@savedlabelname=\count399
\c@institution=\count400
\c@savedinstitution=\count401
\c@lista=\count402
\c@savedlista=\count403
\c@listb=\count404
\c@savedlistb=\count405
\c@listc=\count406
\c@savedlistc=\count407
\c@listd=\count408
\c@savedlistd=\count409
\c@liste=\count410
\c@savedliste=\count411
\c@listf=\count412
\c@savedlistf=\count413
\c@location=\count414
\c@savedlocation=\count415
\c@organization=\count416
\c@savedorganization=\count417
\c@origlocation=\count418
\c@savedoriglocation=\count419
\c@origpublisher=\count420
\c@savedorigpublisher=\count421
\c@publisher=\count422
\c@savedpublisher=\count423
\c@language=\count424
\c@savedlanguage=\count425
\c@origlanguage=\count426
\c@savedoriglanguage=\count427
\c@pageref=\count428
\c@savedpageref=\count429
\shorthandwidth=\skip86
\shortjournalwidth=\skip87
\shortserieswidth=\skip88
\shorttitlewidth=\skip89
\shortauthorwidth=\skip90
\shorteditorwidth=\skip91
\locallabelnumberwidth=\skip92
\locallabelalphawidth=\skip93
\localshorthandwidth=\skip94
\localshortjournalwidth=\skip95
\localshortserieswidth=\skip96
\localshorttitlewidth=\skip97
\localshortauthorwidth=\skip98
\localshorteditorwidth=\skip99
Package biblatex Info: Trying to load compatibility code...
Package biblatex Info: ... file 'blx-compat.def' found.
 (D:\MiTek\tex/latex/biblatex\blx-compat.def
File: blx-compat.def 2023/03/05 v3.19 biblatex compatibility (PK/MW)
)
Package biblatex Info: Trying to load BibTeX backend compatibility...
Package biblatex Info: ... file 'blx-bibtex.def' found.
 (D:\MiTek\tex/latex/biblatex\blx-bibtex.def
File: blx-bibtex.def 2023/03/05 v3.19 biblatex compatibility (PK/MW)


Package biblatex Warning: Using fall-back bibtex backend:
(biblatex)                functionality may be reduced/unavailable.

)
Package biblatex Info: Trying to load generic definitions...
Package biblatex Info: ... file 'biblatex.def' found.
 (D:\MiTek\tex/latex/biblatex\biblatex.def
File: biblatex.def 2023/03/05 v3.19 biblatex compatibility (PK/MW)
\c@textcitecount=\count430
\c@textcitetotal=\count431
\c@textcitemaxnames=\count432
\c@biburlbigbreakpenalty=\count433
\c@biburlbreakpenalty=\count434
\c@biburlnumpenalty=\count435
\c@biburlucpenalty=\count436
\c@biburllcpenalty=\count437
\biburlbigskip=\muskip18
\biburlnumskip=\muskip19
\biburlucskip=\muskip20
\biburllcskip=\muskip21
\c@smartand=\count438
)
Package biblatex Info: Trying to load bibliography style 'numeric'...
Package biblatex Info: ... file 'numeric.bbx' found.
 (D:\MiTek\tex/latex/biblatex/bbx\numeric.bbx
File: numeric.bbx 2023/03/05 v3.19 biblatex bibliography style (PK/MW)
Package biblatex Info: Trying to load bibliography style 'standard'...
Package biblatex Info: ... file 'standard.bbx' found.
 (D:\MiTek\tex/latex/biblatex/bbx\standard.bbx
File: standard.bbx 2023/03/05 v3.19 biblatex bibliography style (PK/MW)
\c@bbx:relatedcount=\count439
\c@bbx:relatedtotal=\count440
))
Package biblatex Info: Trying to load citation style 'numeric'...
Package biblatex Info: ... file 'numeric.cbx' found.
 (D:\MiTek\tex/latex/biblatex/cbx\numeric.cbx
File: numeric.cbx 2023/03/05 v3.19 biblatex citation style (PK/MW)
Package biblatex Info: Redefining '\cite'.
Package biblatex Info: Redefining '\parencite'.
Package biblatex Info: Redefining '\footcite'.
Package biblatex Info: Redefining '\footcitetext'.
Package biblatex Info: Redefining '\smartcite'.
Package biblatex Info: Redefining '\supercite'.
Package biblatex Info: Redefining '\textcite'.
Package biblatex Info: Redefining '\textcites'.
Package biblatex Info: Redefining '\cites'.
Package biblatex Info: Redefining '\parencites'.
Package biblatex Info: Redefining '\smartcites'.
)
Package biblatex Info: Trying to load configuration file...
Package biblatex Info: ... file 'biblatex.cfg' found.
 (D:\MiTek\tex/latex/biblatex\biblatex.cfg
File: biblatex.cfg 
)
Package biblatex Info: Input encoding 'utf8' detected.
Package biblatex Info: Document encoding is UTF8 ....
 (D:\MiTek\tex/latex/l3kernel\expl3.sty
Package: expl3 2024-01-04 L3 programming layer (loader) 
 (D:\MiTek\tex/latex/l3backend\l3backend-pdftex.def
File: l3backend-pdftex.def 2024-01-04 L3 backend support: PDF output (pdfTeX)
\l__color_backend_stack_int=\count441
\l__pdf_internal_box=\box76
))
Package biblatex Info: ... and expl3
(biblatex)             2024-01-04 L3 programming layer (loader) 
(biblatex)             is new enough (at least 2020/04/06),
(biblatex)             setting 'casechanger=expl3'.
 (D:\MiTek\tex/latex/biblatex\blx-case-expl3.sty (D:\MiTek\tex/latex/l3packages/xparse\xparse.sty
Package: xparse 2023-10-10 L3 Experimental document command parser
)
Package: blx-case-expl3 2023/03/05 v3.19 expl3 case changing code for biblatex
)) (D:\MiTek\tex/latex/hyperref\hyperref.sty
Package: hyperref 2023-11-26 v7.01g Hypertext links for LaTeX
 (D:\MiTek\tex/generic/kvdefinekeys\kvdefinekeys.sty
Package: kvdefinekeys 2019-12-19 v1.6 Define keys (HO)
) (D:\MiTek\tex/generic/pdfescape\pdfescape.sty
Package: pdfescape 2019/12/09 v1.15 Implements pdfTeX's escape features (HO)
) (D:\MiTek\tex/latex/hycolor\hycolor.sty
Package: hycolor 2020-01-27 v1.10 Color options for hyperref/bookmark (HO)
) (D:\MiTek\tex/latex/letltxmacro\letltxmacro.sty
Package: letltxmacro 2019/12/03 v1.6 Let assignment for LaTeX macros (HO)
) (D:\MiTek\tex/latex/auxhook\auxhook.sty
Package: auxhook 2019-12-17 v1.6 Hooks for auxiliary files (HO)
) (D:\MiTek\tex/latex/hyperref\nameref.sty
Package: nameref 2023-11-26 v2.56 Cross-referencing by name of section
 (D:\MiTek\tex/latex/refcount\refcount.sty
Package: refcount 2019/12/15 v3.6 Data extraction from label references (HO)
) (D:\MiTek\tex/generic/gettitlestring\gettitlestring.sty
Package: gettitlestring 2019/12/15 v1.6 Cleanup title references (HO)
)
\c@section@level=\count442
)
\@linkdim=\dimen307
\Hy@linkcounter=\count443
\Hy@pagecounter=\count444
 (D:\MiTek\tex/latex/hyperref\pd1enc.def
File: pd1enc.def 2023-11-26 v7.01g Hyperref: PDFDocEncoding definition (HO)
Now handling font encoding PD1 ...
... no UTF-8 mapping file for font encoding PD1
) (D:\MiTek\tex/generic/intcalc\intcalc.sty
Package: intcalc 2019/12/15 v1.3 Expandable calculations with integers (HO)
)
\Hy@SavedSpaceFactor=\count445
 (D:\MiTek\tex/latex/hyperref\puenc.def
File: puenc.def 2023-11-26 v7.01g Hyperref: PDF Unicode definition (HO)
Now handling font encoding PU ...
... no UTF-8 mapping file for font encoding PU
)
Package hyperref Info: Option `unicode' set `true' on input line 4064.
Package hyperref Info: Hyper figures OFF on input line 4181.
Package hyperref Info: Link nesting OFF on input line 4186.
Package hyperref Info: Hyper index ON on input line 4189.
Package hyperref Info: Plain pages OFF on input line 4196.
Package hyperref Info: Backreferencing OFF on input line 4201.
Package hyperref Info: Implicit mode ON; LaTeX internals redefined.
Package hyperref Info: Bookmarks ON on input line 4448.
\c@Hy@tempcnt=\count446
LaTeX Info: Redefining \url on input line 4786.
\XeTeXLinkMargin=\dimen308
 (D:\MiTek\tex/generic/bitset\bitset.sty
Package: bitset 2019/12/09 v1.3 Handle bit-vector datatype (HO)
 (D:\MiTek\tex/generic/bigintcalc\bigintcalc.sty
Package: bigintcalc 2019/12/15 v1.5 Expandable calculations on big integers (HO)
))
\Fld@menulength=\count447
\Field@Width=\dimen309
\Fld@charsize=\dimen310
Package hyperref Info: Hyper figures OFF on input line 6065.
Package hyperref Info: Link nesting OFF on input line 6070.
Package hyperref Info: Hyper index ON on input line 6073.
Package hyperref Info: backreferencing OFF on input line 6080.
Package hyperref Info: Link coloring OFF on input line 6085.
Package hyperref Info: Link coloring with OCG OFF on input line 6090.
Package hyperref Info: PDF/A mode OFF on input line 6095.
 (D:\MiTek\tex/latex/base\atbegshi-ltx.sty
Package: atbegshi-ltx 2021/01/10 v1.0c Emulation of the original atbegshi
package with kernel methods
)
\Hy@abspage=\count448
\c@Item=\count449
\c@Hfootnote=\count450
)
Package hyperref Info: Driver (autodetected): hpdftex.
 (D:\MiTek\tex/latex/hyperref\hpdftex.def
File: hpdftex.def 2023-11-26 v7.01g Hyperref driver for pdfTeX
 (D:\MiTek\tex/latex/base\atveryend-ltx.sty
Package: atveryend-ltx 2020/08/19 v1.0a Emulation of the original atveryend package
with kernel methods
)
\Fld@listcount=\count451
\c@bookmark@seq@number=\count452
 (D:\MiTek\tex/latex/rerunfilecheck\rerunfilecheck.sty
Package: rerunfilecheck 2025-06-21 v1.11 Rerun checks for auxiliary files (HO)
 (D:\MiTek\tex/generic/uniquecounter\uniquecounter.sty
Package: uniquecounter 2019/12/15 v1.4 Provide unlimited unique counter (HO)
)
Package uniquecounter Info: New unique counter `rerunfilecheck' on input line 284.
)
\Hy@SectionHShift=\skip100
) (D:\MiTek\tex/latex/listings\listings.sty
\lst@mode=\count453
\lst@gtempboxa=\box77
\lst@token=\toks49
\lst@length=\count454
\lst@currlwidth=\dimen311
\lst@column=\count455
\lst@pos=\count456
\lst@lostspace=\dimen312
\lst@width=\dimen313
\lst@newlines=\count457
\lst@lineno=\count458
\lst@maxwidth=\dimen314
 (D:\MiTek\tex/latex/listings\lstmisc.sty
File: lstmisc.sty 2023/02/27 1.9 (Carsten Heinz)
\c@lstnumber=\count459
\lst@skipnumbers=\count460
\lst@framebox=\box78
) (D:\MiTek\tex/latex/listings\listings.cfg
File: listings.cfg 2023/02/27 1.9 listings configuration
))
Package: listings 2023/02/27 1.9 (Carsten Heinz)
 (D:\MiTek\tex/latex/algorithms\algorithm.sty
Package: algorithm 2009/08/24 v0.1 Document Style `algorithm' - floating environment
 (D:\MiTek\tex/latex/float\float.sty
Package: float 2001/11/08 v1.3d Float enhancements (AL)
\c@float@type=\count461
\float@exts=\toks50
\float@box=\box79
\@float@everytoks=\toks51
\@floatcapt=\box80
)
\@float@every@algorithm=\toks52
\c@algorithm=\count462
) (D:\MiTek\tex/latex/algorithmicx\algpseudocode.sty
Package: algpseudocode 
 (D:\MiTek\tex/latex/algorithmicx\algorithmicx.sty
Package: algorithmicx 2005/04/27 v1.2 Algorithmicx

Document Style algorithmicx 1.2 - a greatly improved `algorithmic' style
\c@ALG@line=\count463
\c@ALG@rem=\count464
\c@ALG@nested=\count465
\ALG@tlm=\skip101
\ALG@thistlm=\skip102
\c@ALG@Lnr=\count466
\c@ALG@blocknr=\count467
\c@ALG@storecount=\count468
\c@ALG@tmpcounter=\count469
\ALG@tmplength=\skip103
)
Document Style - pseudocode environments for use with the `algorithmicx' style
) (D:\MiTek\tex/latex/multirow\multirow.sty
Package: multirow 2024/11/12 v2.9 Span multiple rows of a table
\multirow@colwidth=\skip104
\multirow@cntb=\count470
\multirow@dima=\skip105
\bigstrutjot=\dimen315
) (D:\MiTek\tex/latex/setspace\setspace.sty
Package: setspace 2022/12/04 v6.7b set line spacing
) (D:\MiTek\tex/latex/tools\indentfirst.sty
Package: indentfirst 2023/07/02 v1.03 Indent first paragraph (DPC)
) (D:\MiTek\tex/latex/geometry\geometry.sty
Package: geometry 2020/01/02 v5.9 Page Geometry
 (D:\MiTek\tex/generic/iftex\ifvtex.sty
Package: ifvtex 2019/10/25 v1.7 ifvtex legacy package. Use iftex instead.
)
\Gm@cnth=\count471
\Gm@cntv=\count472
\c@Gm@tempcnt=\count473
\Gm@bindingoffset=\dimen316
\Gm@wd@mp=\dimen317
\Gm@odd@mp=\dimen318
\Gm@even@mp=\dimen319
\Gm@layoutwidth=\dimen320
\Gm@layoutheight=\dimen321
\Gm@layouthoffset=\dimen322
\Gm@layoutvoffset=\dimen323
\Gm@dimlist=\toks53
 (D:\MiTek\tex/latex/geometry\geometry.cfg)) (D:\MiTek\tex/generic/pgf/frontendlayer/tikz/libraries\tikzlibrarycalc.code.tex
File: tikzlibrarycalc.code.tex 2023-01-15 v3.1.10 (3.1.10)
)
\@quotelevel=\count474
\@quotereset=\count475
 (main.aux (Appendix/thanks.aux) (Appendix/reassurances.aux) (Appendix/tt.aux) (Appendix/abstract.aux) (Appendix/viettat.aux) (Chapter1/chapter1.aux) (Chapter2/chapter2.aux) (Chapter3/chapter3.aux

LaTeX Warning: Label `fig:curve' multiply defined.

) (Chapter4/chapter4.aux) (Chapter5/chapter5.aux) (Appendix/publish.aux))
\openout1 = `main.aux'.

LaTeX Font Info:    Checking defaults for OML/cmm/m/it on input line 164.
LaTeX Font Info:    ... okay on input line 164.
LaTeX Font Info:    Checking defaults for OMS/cmsy/m/n on input line 164.
LaTeX Font Info:    ... okay on input line 164.
LaTeX Font Info:    Checking defaults for OT1/cmr/m/n on input line 164.
LaTeX Font Info:    ... okay on input line 164.
LaTeX Font Info:    Checking defaults for T1/cmr/m/n on input line 164.
LaTeX Font Info:    ... okay on input line 164.
LaTeX Font Info:    Checking defaults for TS1/cmr/m/n on input line 164.
LaTeX Font Info:    ... okay on input line 164.
LaTeX Font Info:    Checking defaults for OMX/cmex/m/n on input line 164.
LaTeX Font Info:    ... okay on input line 164.
LaTeX Font Info:    Checking defaults for U/cmr/m/n on input line 164.
LaTeX Font Info:    ... okay on input line 164.
LaTeX Font Info:    Checking defaults for T5/cmr/m/n on input line 164.
LaTeX Font Info:    ... okay on input line 164.
LaTeX Font Info:    Checking defaults for PD1/pdf/m/n on input line 164.
LaTeX Font Info:    ... okay on input line 164.
LaTeX Font Info:    Checking defaults for PU/pdf/m/n on input line 164.
LaTeX Font Info:    ... okay on input line 164.
 (D:\MiTek\tex/context/base/mkii\supp-pdf.mkii
[Loading MPS to PDF converter (version 2006.09.02).]
\scratchcounter=\count476
\scratchdimen=\dimen324
\scratchbox=\box81
\nofMPsegments=\count477
\nofMParguments=\count478
\everyMPshowfont=\toks54
\MPscratchCnt=\count479
\MPscratchDim=\dimen325
\MPnumerator=\count480
\makeMPintoPDFobject=\count481
\everyMPtoPDFconversion=\toks55
) (D:\MiTek\tex/latex/epstopdf-pkg\epstopdf-base.sty
Package: epstopdf-base 2020-01-24 v2.11 Base part for package epstopdf
Package epstopdf-base Info: Redefining graphics rule for `.eps' on input line 485.
 (D:\MiTek\tex/latex/00miktex\epstopdf-sys.cfg
File: epstopdf-sys.cfg 2021/03/18 v2.0 Configuration of epstopdf for MiKTeX
))
Package pgfplots notification 'compat/show suggested version=true': document has been generated with the most recent feature set (\pgfplotsset{compat=1.18}).

Package caption Info: Begin \AtBeginDocument code.
Package caption Info: float package is loaded.
Package caption Info: hyperref package is loaded.
Package caption Info: listings package is loaded.
Package caption Info: longtable package is loaded.
(D:\MiTek\tex/latex/caption\ltcaption.sty
Package: ltcaption 2021/01/08 v1.4c longtable captions (AR)
)
Package caption Info: End \AtBeginDocument code.
Package biblatex Info: Trying to load language 'english'...
Package biblatex Info: ... file 'english.lbx' found.
 (D:\MiTek\tex/latex/biblatex/lbx\english.lbx
File: english.lbx 2023/03/05 v3.19 biblatex localization (PK/MW)
)
Package biblatex Info: Input encoding 'utf8' detected.
Package biblatex Info: Automatic encoding selection.
(biblatex)             Assuming data encoding 'utf8'.
Package biblatex Info: Input encoding 'utf8' detected.
Package biblatex Info: Data encoding 'utf8' specified.
(biblatex)             No need to reencode data.
\openout4 = `main-blx.bib'.

Package biblatex Info: Trying to load bibliographic data...
Package biblatex Info: ... file 'main.bbl' found.
 (main.bbl

Package biblatex Warning: BibTeX reported the following issues
(biblatex)                with 'hardware':
(biblatex)                - Invalid format of field 'month'.

)
Package biblatex Info: Reference section=0 on input line 164.
Package biblatex Info: Reference segment=0 on input line 164.
Package hyperref Info: Link coloring OFF on input line 164.
 (main.out) (main.out)
\@outlinefile=\write5
\openout5 = `main.out'.

\c@lstlisting=\count482

*geometry* driver: auto-detecting
*geometry* detected driver: pdftex
*geometry* verbose mode - [ preamble ] result:
* driver: pdftex
* paper: a4paper
* layout: <same size as paper>
* layoutoffset:(h,v)=(0.0pt,0.0pt)
* modes: includefoot 
* h-part:(L,W,R)=(85.35826pt, 455.24411pt, 56.9055pt)
* v-part:(T,H,B)=(56.9055pt, 759.6886pt, 28.45274pt)
* \paperwidth=597.50787pt
* \paperheight=845.04684pt
* \textwidth=455.24411pt
* \textheight=717.00948pt
* \oddsidemargin=13.08827pt
* \evensidemargin=13.08827pt
* \topmargin=-54.36449pt
* \headheight=14.0pt
* \headsep=25.0pt
* \topskip=14.0pt
* \footskip=42.67912pt
* \marginparwidth=15.0pt
* \marginparsep=10.0pt
* \columnsep=10.0pt
* \skip\footins=11.69997pt plus 5.19942pt minus 2.60054pt
* \hoffset=0.0pt
* \voffset=0.0pt
* \mag=1000
* \@twocolumnfalse
* \@twosidefalse
* \@mparswitchfalse
* \@reversemarginfalse
* (1in=72.27pt=25.4mm, 1cm=28.453pt)

(Title/title.tex [1

{C:/Users/Hii/AppData/Local/MiKTeX/fonts/map/pdftex/pdftex.map}] [2])
\openout2 = `Appendix/thanks.aux'.

 (Appendix/thanks.tex
LaTeX Font Info:    Calculating math sizes for size <13> on input line 30.


LaTeX Font Warning: Font shape `OT1/cmr/m/n' in size <6.5> not available
(Font)              size <6> substituted on input line 30.


LaTeX Font Warning: Font shape `OML/cmm/m/it' in size <13> not available
(Font)              size <12> substituted on input line 30.


LaTeX Font Warning: Font shape `OML/cmm/m/it' in size <6.5> not available
(Font)              size <6> substituted on input line 30.


LaTeX Font Warning: Font shape `OMS/cmsy/m/n' in size <13> not available
(Font)              size <12> substituted on input line 30.


LaTeX Font Warning: Font shape `OMS/cmsy/m/n' in size <6.5> not available
(Font)              size <6> substituted on input line 30.

LaTeX Font Info:    Trying to load font information for U+msa on input line 30.
(D:\MiTek\tex/latex/amsfonts\umsa.fd
File: umsa.fd 2013/01/14 v3.01 AMS symbols A
)
LaTeX Font Info:    Trying to load font information for U+msb on input line 30.
 (D:\MiTek\tex/latex/amsfonts\umsb.fd
File: umsb.fd 2013/01/14 v3.01 AMS symbols B
)
Overfull \hbox (23.99998pt too wide) in paragraph at lines 30--36
[][] 
 []

) [1





]
\openout2 = `Appendix/reassurances.aux'.

 (Appendix/reassurances.tex
Overfull \hbox (23.99998pt too wide) in paragraph at lines 10--18
[][] 
 []

) [2







]
\openout2 = `Appendix/tt.aux'.

 (Appendix/tt.tex) [3







]
\openout2 = `Appendix/abstract.aux'.

 (Appendix/abstract.tex) [4







] (main.toc [5






])
\tf@toc=\write6
\openout6 = `main.toc'.

 [6] (main.lof [7




])
\tf@lof=\write7
\openout7 = `main.lof'.

 [8] (main.lot)
\tf@lot=\write8
\openout8 = `main.lot'.

 [9




]
\openout2 = `Appendix/viettat.aux'.

 (Appendix/viettat.tex) [10





]
\openout2 = `Chapter1/chapter1.aux'.

 (Chapter1/chapter1.tex
Chng 1.

pdfTeX warning (ext4): destination with the same identifier (name{page.1}) has been already used, duplicate ignored
<to be read again> 
                   \relax 
l.14 
      [1








]
pdfTeX warning (ext4): destination with the same identifier (name{page.2}) has been already used, duplicate ignored
<to be read again> 
                   \relax 
l.28 
      [2]

LaTeX Font Warning: Font shape `TS1/cmr/m/n' in size <13> not available
(Font)              size <12> substituted on input line 33.

[3]) [4]
\openout2 = `Chapter2/chapter2.aux'.

 (Chapter2/chapter2.tex
Chng 2.
[5







] [6] [7] [8]

pdfTeX warning: pdflatex (file ./images/MITM2.pdf): PDF inclusion: found PDF version <1.7>, but at most version <1.5> allowed
<images/MITM2.pdf, id=455, 337.26pt x 136.5903pt>
File: images/MITM2.pdf Graphic file (type pdf)
<use images/MITM2.pdf>
Package pdftex.def Info: images/MITM2.pdf  used on input line 56.
(pdftex.def)             Requested size: 318.66948pt x 129.0639pt.


pdfTeX warning: pdflatex (file ./images/MITM1.pdf): PDF inclusion: found PDF version <1.7>, but at most version <1.5> allowed
<images/MITM1.pdf, id=456, 340.3917pt x 211.7511pt>
File: images/MITM1.pdf Graphic file (type pdf)
<use images/MITM1.pdf>
Package pdftex.def Info: images/MITM1.pdf  used on input line 63.
(pdftex.def)             Requested size: 318.66948pt x 198.24474pt.

LaTeX Warning: `h' float specifier changed to `ht'.



pdfTeX warning: pdflatex (file ./images/replay.pdf): PDF inclusion: found PDF version <1.7>, but at most version <1.5> allowed
<images/replay.pdf, id=459, 337.26pt x 144.54pt>
File: images/replay.pdf Graphic file (type pdf)
<use images/replay.pdf>
Package pdftex.def Info: images/replay.pdf  used on input line 72.
(pdftex.def)             Requested size: 318.66948pt x 136.57556pt.
[9 <./images/MITM2.pdf>] [10 <./images/MITM1.pdf> <./images/replay.pdf>]) [11]
\openout2 = `Chapter3/chapter3.aux'.

 (Chapter3/chapter3.tex
Chng 3.


pdfTeX warning: pdflatex (file ./images/4layer.pdf): PDF inclusion: found PDF version <1.7>, but at most version <1.5> allowed
<images/4layer.pdf, id=563, 349.305pt x 325.215pt>
File: images/4layer.pdf Graphic file (type pdf)
<use images/4layer.pdf>
Package pdftex.def Info: images/4layer.pdf  used on input line 11.
(pdftex.def)             Requested size: 341.43307pt x 317.90462pt.
[12







 <./images/4layer.pdf>] [13]

pdfTeX warning: pdflatex (file ./Images/mqtt.pdf): PDF inclusion: found PDF version <1.7>, but at most version <1.5> allowed
<Images/mqtt.pdf, id=591, 362.3136pt x 179.7114pt>
File: Images/mqtt.pdf Graphic file (type pdf)
<use Images/mqtt.pdf>
Package pdftex.def Info: Images/mqtt.pdf  used on input line 29.
(pdftex.def)             Requested size: 386.96027pt x 191.93553pt.
<Images/ascon-aes.png, id=594, 718.685pt x 430.60875pt>
File: Images/ascon-aes.png Graphic file (type png)
<use Images/ascon-aes.png>
Package pdftex.def Info: Images/ascon-aes.png  used on input line 44.
(pdftex.def)             Requested size: 318.66948pt x 190.94023pt.

LaTeX Warning: `h' float specifier changed to `ht'.

[14 <./Images/mqtt.pdf>] [15 <./Images/ascon-aes.png>]
<Images/ascon_process.png, id=620, 1117.17375pt x 316.18124pt>
File: Images/ascon_process.png Graphic file (type png)
<use Images/ascon_process.png>
Package pdftex.def Info: Images/ascon_process.png  used on input line 68.
(pdftex.def)             Requested size: 409.71692pt x 115.9576pt.
 [16 <./Images/ascon_process.png>]
<Images/s-box.png, id=632, 705.63625pt x 478.78876pt>
File: Images/s-box.png Graphic file (type png)
<use Images/s-box.png>
Package pdftex.def Info: Images/s-box.png  used on input line 81.
(pdftex.def)             Requested size: 273.14923pt x 185.33878pt.
LaTeX Font Info:    Calculating math sizes for size <11.86258> on input line 94.
 [17 <./Images/s-box.png>]
NOTE: coordinate (2Y2.2e0],3Y0.0e0]) has been dropped because it is unbounded (in y). (see also unbounded coords=jump). 
NOTE: coordinate (2Y2.1778897e0],3Y0.0e0]) has been dropped because it is unbounded (in y). (see also unbounded coords=jump). 
NOTE: coordinate (2Y2.1557794e0],3Y0.0e0]) has been dropped because it is unbounded (in y). (see also unbounded coords=jump). 
NOTE: coordinate (2Y2.1336691e0],3Y0.0e0]) has been dropped because it is unbounded (in y). (see also unbounded coords=jump). 
NOTE: coordinate (2Y2.1115588e0],3Y0.0e0]) has been dropped because it is unbounded (in y). (see also unbounded coords=jump). 
NOTE: coordinate (2Y2.2e0],3Y0.0e0]) has been dropped because it is unbounded (in y). (see also unbounded coords=jump). 
NOTE: coordinate (2Y2.1778897e0],3Y0.0e0]) has been dropped because it is unbounded (in y). (see also unbounded coords=jump). 
NOTE: coordinate (2Y2.1557794e0],3Y0.0e0]) has been dropped because it is unbounded (in y). (see also unbounded coords=jump). 
NOTE: coordinate (2Y2.1336691e0],3Y0.0e0]) has been dropped because it is unbounded (in y). (see also unbounded coords=jump). 
NOTE: coordinate (2Y2.1115588e0],3Y0.0e0]) has been dropped because it is unbounded (in y). (see also unbounded coords=jump). 
[18]

pdfTeX warning: pdflatex (file ./images/keyexchange.pdf): PDF inclusion: found PDF version <1.7>, but at most version <1.5> allowed
<images/keyexchange.pdf, id=649, 278.96219pt x 283.0575pt>
File: images/keyexchange.pdf Graphic file (type pdf)
<use images/keyexchange.pdf>
Package pdftex.def Info: images/keyexchange.pdf  used on input line 171.
(pdftex.def)             Requested size: 295.90588pt x 300.27274pt.

LaTeX Font Warning: Font shape `OT1/cmtt/m/n' in size <13> not available
(Font)              size <12> substituted on input line 186.


LaTeX Font Warning: Font shape `OT1/cmtt/m/n' in size <6.5> not available
(Font)              size <6> substituted on input line 186.

[19 <./images/keyexchange.pdf>] [20]
<Images/ascon_hash.png, id=703, 495.65175pt x 197.538pt>
File: Images/ascon_hash.png Graphic file (type png)
<use Images/ascon_hash.png>
Package pdftex.def Info: Images/ascon_hash.png  used on input line 241.
(pdftex.def)             Requested size: 364.19667pt x 145.154pt.
 [21 <./Images/ascon_hash.png>]

pdfTeX warning: pdflatex (file ./Images/realsystem.pdf): PDF inclusion: found PDF version <1.7>, but at most version <1.5> allowed
<Images/realsystem.pdf, id=717, 583.21887pt x 449.76028pt>
File: Images/realsystem.pdf Graphic file (type pdf)
<use Images/realsystem.pdf>
Package pdftex.def Info: Images/realsystem.pdf  used on input line 259.
(pdftex.def)             Requested size: 455.24411pt x 351.0861pt.

Overfull \hbox (34.26334pt too wide) in paragraph at lines 265--266
[]\T5/cmr/m/n/13 Vi ^^_iu khin STM32F411VET6 ^^_c pht trin da trn b cng c STM32CubeIDE
 []

[22 <./Images/realsystem.pdf>] [23]

pdfTeX warning: pdflatex (file ./images/system.pdf): PDF inclusion: found PDF version <1.7>, but at most version <1.5> allowed
<images/system.pdf, id=769, 455.78279pt x 280.1667pt>
File: images/system.pdf Graphic file (type pdf)
<use images/system.pdf>
Package pdftex.def Info: images/system.pdf  used on input line 284.
(pdftex.def)             Requested size: 386.96027pt x 237.86067pt.
[24] [25 <./images/system.pdf>]

pdfTeX warning: pdflatex (file ./Images/trans-sys.pdf): PDF inclusion: found PDF version <1.7>, but at most version <1.5> allowed
<Images/trans-sys.pdf, id=831, 587.3142pt x 670.42468pt>
File: Images/trans-sys.pdf Graphic file (type pdf)
<use Images/trans-sys.pdf>
Package pdftex.def Info: Images/trans-sys.pdf  used on input line 299.
(pdftex.def)             Requested size: 455.24411pt x 519.6556pt.


pdfTeX warning: pdflatex (file ./Images/skey.pdf): PDF inclusion: found PDF version <1.7>, but at most version <1.5> allowed
<Images/skey.pdf, id=834, 559.12888pt x 277.035pt>
File: Images/skey.pdf Graphic file (type pdf)
<use Images/skey.pdf>
Package pdftex.def Info: Images/skey.pdf  used on input line 312.
(pdftex.def)             Requested size: 455.24411pt x 225.5596pt.

LaTeX Warning: `h' float specifier changed to `ht'.

[26] [27 <./Images/trans-sys.pdf>]

pdfTeX warning: pdflatex (file ./Images/gframe.pdf): PDF inclusion: found PDF version <1.7>, but at most version <1.5> allowed
<Images/gframe.pdf, id=886, 575.2692pt x 85.2786pt>
File: Images/gframe.pdf Graphic file (type pdf)
<use Images/gframe.pdf>
Package pdftex.def Info: Images/gframe.pdf  used on input line 333.
(pdftex.def)             Requested size: 409.71692pt x 60.73819pt.
[28 <./Images/skey.pdf>]

pdfTeX warning: pdflatex (file ./Images/init-frame.pdf): PDF inclusion: found PDF version <1.7>, but at most version <1.5> allowed
<Images/init-frame.pdf, id=930, 312.20638pt x 100.45529pt>
File: Images/init-frame.pdf Graphic file (type pdf)
<use Images/init-frame.pdf>
Package pdftex.def Info: Images/init-frame.pdf  used on input line 348.
(pdftex.def)             Requested size: 273.14923pt x 87.89201pt.
[29 <./Images/gframe.pdf>] [30 <./Images/init-frame.pdf>]

pdfTeX warning: pdflatex (file ./Images/gp-frame.pdf): PDF inclusion: found PDF version <1.7>, but at most version <1.5> allowed
<Images/gp-frame.pdf, id=967, 672.59276pt x 189.8292pt>
File: Images/gp-frame.pdf Graphic file (type pdf)
<use Images/gp-frame.pdf>
Package pdftex.def Info: Images/gp-frame.pdf  used on input line 366.
(pdftex.def)             Requested size: 455.24411pt x 128.49124pt.


pdfTeX warning: pdflatex (file ./Images/pg-frame.pdf): PDF inclusion: found PDF version <1.7>, but at most version <1.5> allowed
<Images/pg-frame.pdf, id=969, 530.94356pt x 94.4328pt>
File: Images/pg-frame.pdf Graphic file (type pdf)
<use Images/pg-frame.pdf>
Package pdftex.def Info: Images/pg-frame.pdf  used on input line 375.
(pdftex.def)             Requested size: 409.71692pt x 72.87196pt.
[31 <./Images/gp-frame.pdf> <./Images/pg-frame.pdf>]

pdfTeX warning: pdflatex (file ./Images/auth_t.pdf): PDF inclusion: found PDF version <1.7>, but at most version <1.5> allowed
<Images/auth_t.pdf, id=1005, 481.8pt x 57.09329pt>
File: Images/auth_t.pdf Graphic file (type pdf)
<use Images/auth_t.pdf>
Package pdftex.def Info: Images/auth_t.pdf  used on input line 388.
(pdftex.def)             Requested size: 386.96027pt x 45.85588pt.
[32 <./Images/auth_t.pdf>]

pdfTeX warning: pdflatex (file ./Images/gs-frame.pdf): PDF inclusion: found PDF version <1.7>, but at most version <1.5> allowed
<Images/gs-frame.pdf, id=1019, 660.54776pt x 388.33081pt>
File: Images/gs-frame.pdf Graphic file (type pdf)
<use Images/gs-frame.pdf>
Package pdftex.def Info: Images/gs-frame.pdf  used on input line 401.
(pdftex.def)             Requested size: 455.24411pt x 267.64041pt.
[33 <./Images/gs-frame.pdf>]

pdfTeX warning: pdflatex (file ./Images/frameparsing1.pdf): PDF inclusion: found PDF version <1.7>, but at most version <1.5> allowed
<Images/frameparsing1.pdf, id=1042, 310.27919pt x 227.89139pt>
File: Images/frameparsing1.pdf Graphic file (type pdf)
<use Images/frameparsing1.pdf>
Package pdftex.def Info: Images/frameparsing1.pdf  used on input line 410.
(pdftex.def)             Requested size: 318.66948pt x 234.07352pt.


pdfTeX warning: pdflatex (file ./Images/frameparse.pdf): PDF inclusion: found PDF version <1.7>, but at most version <1.5> allowed
<Images/frameparse.pdf, id=1043, 555.99718pt x 437.71529pt>
File: Images/frameparse.pdf Graphic file (type pdf)
<use Images/frameparse.pdf>
Package pdftex.def Info: Images/frameparse.pdf  used on input line 418.
(pdftex.def)             Requested size: 500.77129pt x 394.25401pt.
[34 <./Images/frameparsing1.pdf>]
Package hyperref Info: bookmark level for unknown algorithm defaults to 0 on input line 433.
 [35 <./Images/frameparse.pdf>] [36]) [37]
\openout2 = `Chapter4/chapter4.aux'.

 (Chapter4/chapter4.tex
Chng 4.


pdfTeX warning: pdflatex (file ./Images/stm32log.pdf): PDF inclusion: found PDF version <1.7>, but at most version <1.5> allowed
<Images/stm32log.pdf, id=1092, 492.88138pt x 205.72859pt>
File: Images/stm32log.pdf Graphic file (type pdf)
<use Images/stm32log.pdf>
Package pdftex.def Info: Images/stm32log.pdf  used on input line 31.
(pdftex.def)             Requested size: 364.19667pt x 152.01701pt.

LaTeX Warning: `h' float specifier changed to `ht'.

[38







]

pdfTeX warning: pdflatex (file ./Images/initlog.pdf): PDF inclusion: found PDF version <1.7>, but at most version <1.5> allowed
<Images/initlog.pdf, id=1098, 506.85359pt x 257.04028pt>
File: Images/initlog.pdf Graphic file (type pdf)
<use Images/initlog.pdf>
Package pdftex.def Info: Images/initlog.pdf  used on input line 40.
(pdftex.def)             Requested size: 455.24411pt x 230.8713pt.


pdfTeX warning: pdflatex (file ./Images/ecdhlog.pdf): PDF inclusion: found PDF version <1.7>, but at most version <1.5> allowed
<Images/ecdhlog.pdf, id=1100, 651.39355pt x 344.2461pt>
File: Images/ecdhlog.pdf Graphic file (type pdf)
<use Images/ecdhlog.pdf>
Package pdftex.def Info: Images/ecdhlog.pdf  used on input line 49.
(pdftex.def)             Requested size: 455.24411pt x 240.58716pt.

LaTeX Warning: `h' float specifier changed to `ht'.



pdfTeX warning: pdflatex (file ./Images/datalog.pdf): PDF inclusion: found PDF version <1.7>, but at most version <1.5> allowed
<Images/datalog.pdf, id=1104, 636.45775pt x 332.2011pt>
File: Images/datalog.pdf Graphic file (type pdf)
<use Images/datalog.pdf>
Package pdftex.def Info: Images/datalog.pdf  used on input line 58.
(pdftex.def)             Requested size: 455.24411pt x 237.61829pt.
[39 <./Images/stm32log.pdf> <./Images/initlog.pdf>] [40 <./Images/ecdhlog.pdf> <./Images/datalog.pdf>]

pdfTeX warning: pdflatex (file ./Images/sclog.pdf): PDF inclusion: found PDF version <1.7>, but at most version <1.5> allowed
<Images/sclog.pdf, id=1145, 1372.16632pt x 701.7417pt>
File: Images/sclog.pdf Graphic file (type pdf)
<use Images/sclog.pdf>
Package pdftex.def Info: Images/sclog.pdf  used on input line 67.
(pdftex.def)             Requested size: 455.24411pt x 232.81757pt.
[41 <./Images/sclog.pdf>]
<Images/ke.png, id=1164, 361.35pt x 125.706pt>
File: Images/ke.png Graphic file (type png)
<use Images/ke.png>
Package pdftex.def Info: Images/ke.png  used on input line 82.
(pdftex.def)             Requested size: 364.19667pt x 126.69734pt.
<Images/esp32.png, id=1165, 401.646pt x 197.976pt>
File: Images/esp32.png Graphic file (type png)
<use Images/esp32.png>
Package pdftex.def Info: Images/esp32.png  used on input line 89.
(pdftex.def)             Requested size: 364.19667pt x 179.52403pt.


LaTeX Warning: `h' float specifier changed to `ht'.

<Images/stm32-2.png, id=1166, 394.638pt x 191.187pt>
File: Images/stm32-2.png Graphic file (type png)
<use Images/stm32-2.png>
Package pdftex.def Info: Images/stm32-2.png  used on input line 96.
(pdftex.def)             Requested size: 364.19667pt x 176.44261pt.

LaTeX Warning: `h' float specifier changed to `ht'.

[42 <./Images/ke.png>] [43 <./Images/esp32.png> <./Images/stm32-2.png>]
<Images/packet.png, id=1182, 901.2069pt x 339.669pt>
File: Images/packet.png Graphic file (type png)
<use Images/packet.png>
Package pdftex.def Info: Images/packet.png  used on input line 116.
(pdftex.def)             Requested size: 409.71692pt x 154.42525pt.
<Images/pdr.png, id=1183, 916.3836pt x 339.669pt>
File: Images/pdr.png Graphic file (type png)
<use Images/pdr.png>
Package pdftex.def Info: Images/pdr.png  used on input line 123.
(pdftex.def)             Requested size: 409.71692pt x 151.86487pt.


LaTeX Warning: `h' float specifier changed to `ht'.

[44 <./Images/packet.png> <./Images/pdr.png>]
<images/stm32flash.png, id=1193, 219.0pt x 212.649pt>
File: images/stm32flash.png Graphic file (type png)
<use images/stm32flash.png>
Package pdftex.def Info: images/stm32flash.png  used on input line 168.
(pdftex.def)             Requested size: 225.3436pt x 218.82324pt.
<images/stm32ram.png, id=1194, 216.81pt x 212.649pt>
File: images/stm32ram.png Graphic file (type png)
<use images/stm32ram.png>
Package pdftex.def Info: images/stm32ram.png  used on input line 174.
(pdftex.def)             Requested size: 225.3436pt x 221.02966pt.
<images/esp32flash.png, id=1195, 215.715pt x 216.81pt>
File: images/esp32flash.png Graphic file (type png)
<use images/esp32flash.png>
Package pdftex.def Info: images/esp32flash.png  used on input line 185.
(pdftex.def)             Requested size: 225.3436pt x 226.49931pt.
<images/esp32ram.png, id=1196, 217.248pt x 216.81pt>
File: images/esp32ram.png Graphic file (type png)
<use images/esp32ram.png>
Package pdftex.def Info: images/esp32ram.png  used on input line 191.
(pdftex.def)             Requested size: 225.3436pt x 224.90143pt.
 [45 <./images/stm32flash.png> <./images/stm32ram.png>]
<Images/ina219.png, id=1203, 233.07076pt x 191.5155pt>
File: Images/ina219.png Graphic file (type png)
<use Images/ina219.png>
Package pdftex.def Info: Images/ina219.png  used on input line 207.
(pdftex.def)             Requested size: 91.04742pt x 74.81639pt.
<Images/stm32pow2.png, id=1205, 1076.1003pt x 354.123pt>
File: Images/stm32pow2.png Graphic file (type png)
<use Images/stm32pow2.png>
Package pdftex.def Info: Images/stm32pow2.png  used on input line 215.
(pdftex.def)             Requested size: 455.24411pt x 149.81133pt.
 [46 <./images/esp32flash.png> <./images/esp32ram.png> <./Images/ina219.png>]
<Images/esp32pow2.png, id=1214, 1076.1003pt x 354.123pt>
File: Images/esp32pow2.png Graphic file (type png)
<use Images/esp32pow2.png>
Package pdftex.def Info: Images/esp32pow2.png  used on input line 226.
(pdftex.def)             Requested size: 455.24411pt x 149.81133pt.
<Images/totalpow.png, id=1218, 859.2903pt x 350.5095pt>
File: Images/totalpow.png Graphic file (type png)
<use Images/totalpow.png>
Package pdftex.def Info: Images/totalpow.png  used on input line 237.
(pdftex.def)             Requested size: 409.71692pt x 167.12485pt.
 [47 <./Images/stm32pow2.png> <./Images/esp32pow2.png>]
Overfull \hbox (32.75343pt too wide) in paragraph at lines 247--262
 [][] 
 []

LaTeX Font Info:    Trying to load font information for T5+cmtt on input line 264.
(D:\MiTek\tex/latex/vntex\t5cmtt.fd
File: t5cmtt.fd 1999/05/25 v2.5h Standard LaTeX font definitions
)
LaTeX Font Info:    Calculating math sizes for size <10.83347> on input line 264.


LaTeX Font Warning: Font shape `OT1/cmr/m/n' in size <7.58339> not available
(Font)              size <8> substituted on input line 264.


LaTeX Font Warning: Font shape `OT1/cmr/m/n' in size <5.41673> not available
(Font)              size <5> substituted on input line 264.


LaTeX Font Warning: Font shape `OML/cmm/m/it' in size <7.58339> not available
(Font)              size <8> substituted on input line 264.


LaTeX Font Warning: Font shape `OML/cmm/m/it' in size <5.41673> not available
(Font)              size <5> substituted on input line 264.


LaTeX Font Warning: Font shape `OMS/cmsy/m/n' in size <7.58339> not available
(Font)              size <8> substituted on input line 264.


LaTeX Font Warning: Font shape `OMS/cmsy/m/n' in size <5.41673> not available
(Font)              size <5> substituted on input line 264.


LaTeX Font Warning: Font shape `OT1/cmtt/m/n' in size <7.58339> not available
(Font)              size <8> substituted on input line 264.


LaTeX Font Warning: Font shape `OT1/cmtt/m/n' in size <5.41673> not available
(Font)              size <5> substituted on input line 264.

[48 <./Images/totalpow.png>] [49]
<Images/chartefficiency.png, id=1243, 570.933pt x 354.123pt>
File: Images/chartefficiency.png Graphic file (type png)
<use Images/chartefficiency.png>
Package pdftex.def Info: Images/chartefficiency.png  used on input line 316.
(pdftex.def)             Requested size: 341.43307pt x 211.78378pt.
 [50 <./Images/chartefficiency.png>] [51]
Overfull \hbox (4.61487pt too wide) in paragraph at lines 346--347
[]\T5/cmr/m/n/13 Qu trnh trao ^^_i kha dng thut ton ECDH s dng ^^_ng cong \T5/cmr/m/it/13 sect163k1
 []

[52]) [53]
\openout2 = `Chapter5/chapter5.aux'.

 (Chapter5/chapter5.tex
Chng 5.
[54







]) [55]
\openout2 = `Appendix/publish.aux'.

 (Appendix/publish.tex) [56







]

Package biblatex Warning: Keyword 'Viet' not found on input line 237.


LaTeX Warning: Empty bibliography on input line 237.


Package biblatex Warning: Name format 'last-first' deprecated.
(biblatex)                Please use 'family-given' instead.
(biblatex)                Using 'family-given' now.

[57






]
Overfull \hbox (12.33458pt too wide) in paragraph at lines 242--242
[]\T5/cmr/m/n/13 Field Ef-fect. \T5/cmr/m/it/13 What is a Brute Force At-tack? \T5/cmr/m/n/13 2025. \T5/cmr/m/sc/13 url\T5/cmr/m/n/13 : []$\T5/cmtt/m/n/13 https : / / fieldeffect .
 []

[58]
Overfull \hbox (14.01074pt too wide) in paragraph at lines 242--242
[]\T5/cmr/m/n/13 Online. \T5/cmr/m/it/13 Cu-mu-la-tive Dis-tri-bu-tion Func-tion\T5/cmr/m/n/13 . 2025. \T5/cmr/m/sc/13 url\T5/cmr/m/n/13 : []$\T5/cmtt/m/n/13 https : / / en . wikipedia .
 []

[59] (main.aux (Appendix/thanks.aux) (Appendix/reassurances.aux) (Appendix/tt.aux) (Appendix/abstract.aux) (Appendix/viettat.aux) (Chapter1/chapter1.aux) (Chapter2/chapter2.aux) (Chapter3/chapter3.aux) (Chapter4/chapter4.aux) (Chapter5/chapter5.aux) (Appendix/publish.aux))
 ***********
LaTeX2e <2023-11-01> patch level 1
L3 programming layer <2024-01-04>
 ***********


LaTeX Font Warning: Size substitutions with differences
(Font)              up to 1.75pt have occurred.


LaTeX Warning: There were undefined references.


LaTeX Warning: There were multiply-defined labels.

Package rerunfilecheck Info: File `main.out' has not changed.
(rerunfilecheck)             Checksum: F3006056D6394ECF1F3A46408D967054;8700.

Package biblatex Warning: Please (re)run BibTeX on the file(s):
(biblatex)                main
(biblatex)                and rerun LaTeX afterwards.

Package logreq Info: Writing requests to 'main.run.xml'.
\openout1 = `main.run.xml'.

 ) 
Here is how much of TeX's memory you used:
 45881 strings out of 474486
 1006199 string characters out of 5760645
 1951542 words of memory out of 5000000
 67177 multiletter control sequences out of 15000+600000
 590320 words of font info for 116 fonts, out of 8000000 for 9000
 1141 hyphenation exceptions out of 8191
 108i,12n,107p,2261b,2142s stack positions out of 10000i,1000n,20000p,200000b,200000s
 <C:\Users\Hii\AppData\Local\MiKTeX\fonts/pk/ljfour/jknappen/ec/dpi600\tcrm1200.pk><D:/MiTek/fonts/type1/public/amsfonts/cm/cmex10.pfb><D:/MiTek/fonts/type1/public/amsfonts/cm/cmmi12.pfb><D:/MiTek/fonts/type1/public/amsfonts/cm/cmmi8.pfb><D:/MiTek/fonts/type1/public/amsfonts/cm/cmmi9.pfb><D:/MiTek/fonts/type1/public/amsfonts/cm/cmr12.pfb><D:/MiTek/fonts/type1/public/amsfonts/cm/cmr8.pfb><D:/MiTek/fonts/type1/public/amsfonts/cm/cmr9.pfb><D:/MiTek/fonts/type1/public/amsfonts/cm/cmsy10.pfb><D:/MiTek/fonts/type1/public/amsfonts/cm/cmtt12.pfb><D:/MiTek/fonts/type1/public/amsfonts/symbols/msbm10.pfb><D:/MiTek/fonts/type1/vntex/vnr/vnbx12.pfb><D:/MiTek/fonts/type1/vntex/vnr/vncsc10.pfb><D:/MiTek/fonts/type1/vntex/vnr/vnr10.pfb><D:/MiTek/fonts/type1/vntex/vnr/vnr12.pfb><D:/MiTek/fonts/type1/vntex/vnr/vnr17.pfb><D:/MiTek/fonts/type1/vntex/vnr/vnr7.pfb><D:/MiTek/fonts/type1/vntex/vnr/vnr8.pfb><D:/MiTek/fonts/type1/vntex/vnr/vnr9.pfb><D:/MiTek/fonts/type1/vntex/vnr/vnti10.pfb><D:/MiTek/fonts/type1/vntex/vnr/vnti12.pfb><D:/MiTek/fonts/type1/vntex/vnr/vntt10.pfb><D:/MiTek/fonts/type1/vntex/vnr/vntt12.pfb>
Output written on main.pdf (71 pages, 11901303 bytes).
PDF statistics:
 1484 PDF objects out of 1728 (max. 8388607)
 227 named destinations out of 1000 (max. 500000)
 554 words of extra memory for PDF output out of 10000 (max. 10000000)

